<?xml version="1.0" encoding="UTF-8"?>
<!-- Generated by org.testng.reporters.JUnitXMLReporter -->
<testsuite ignored="0" hostname="sony-PC" failures="0" tests="4" name="Default test" time="18.99" errors="0" timestamp="2023-09-28T13:09:27 IST">
  <testcase classname="com.testng.DemoBlaze_Testng" name="launchBrowser" time="3.042"/>
  <testcase classname="com.testng.DemoBlaze_Testng" name="clicklogin" time="0.128"/>
  <testcase classname="com.testng.DemoBlaze_Testng" name="loginForm" time="0.474"/>
  <testcase classname="com.testng.DemoBlaze_Testng" name="verification" time="0.123"/>
</testsuite> <!-- Default test -->
