<?xml version="1.0" encoding="UTF-8"?>
<!-- Generated by org.testng.reporters.JUnitXMLReporter -->
<testsuite ignored="0" hostname="sony-PC" failures="0" tests="3" name="Test" time="27.599" errors="0" timestamp="2023-09-28T09:48:59 IST">
  <testcase classname="com.testng.DemoBlaze_Testng" name="launchBrowser" time="8.849"/>
  <testcase classname="com.testng.DemoBlaze_Testng" name="clickSignUp" time="0.179"/>
  <testcase classname="com.testng.DemoBlaze_Testng" name="signUpForm" time="0.289"/>
</testsuite> <!-- Test -->
