<?xml version="1.0" encoding="UTF-8"?>
<testng-results ignored="0" total="3" passed="3" failed="0" skipped="0">
  <reporter-output>
  </reporter-output>
  <suite started-at="2023-09-28T09:48:32 IST" name="Suite" finished-at="2023-09-28T09:48:59 IST" duration-ms="27599">
    <groups>
    </groups>
    <test started-at="2023-09-28T09:48:32 IST" name="Test" finished-at="2023-09-28T09:48:59 IST" duration-ms="27599">
      <class name="com.testng.DemoBlaze_Testng">
        <test-method is-config="true" signature="setUp()[pri:0, instance:com.testng.DemoBlaze_Testng@158da8e]" started-at="2023-09-28T09:48:32 IST" name="setUp" finished-at="2023-09-28T09:48:50 IST" duration-ms="17879" status="PASS">
          <reporter-output>
          </reporter-output>
        </test-method> <!-- setUp -->
        <test-method signature="launchBrowser()[pri:0, instance:com.testng.DemoBlaze_Testng@158da8e]" started-at="2023-09-28T09:48:50 IST" name="launchBrowser" finished-at="2023-09-28T09:48:58 IST" duration-ms="8849" status="PASS">
          <reporter-output>
          </reporter-output>
        </test-method> <!-- launchBrowser -->
        <test-method signature="clickSignUp()[pri:1, instance:com.testng.DemoBlaze_Testng@158da8e]" started-at="2023-09-28T09:48:58 IST" name="clickSignUp" finished-at="2023-09-28T09:48:59 IST" duration-ms="179" status="PASS">
          <reporter-output>
          </reporter-output>
        </test-method> <!-- clickSignUp -->
        <test-method signature="signUpForm()[pri:2, instance:com.testng.DemoBlaze_Testng@158da8e]" started-at="2023-09-28T09:48:59 IST" name="signUpForm" finished-at="2023-09-28T09:48:59 IST" duration-ms="289" status="PASS">
          <reporter-output>
          </reporter-output>
        </test-method> <!-- signUpForm -->
        <test-method is-config="true" signature="tearDown()[pri:0, instance:com.testng.DemoBlaze_Testng@158da8e]" started-at="2023-09-28T09:48:59 IST" name="tearDown" finished-at="2023-09-28T09:48:59 IST" duration-ms="333" status="PASS">
          <reporter-output>
          </reporter-output>
        </test-method> <!-- tearDown -->
      </class> <!-- com.testng.DemoBlaze_Testng -->
    </test> <!-- Test -->
  </suite> <!-- Suite -->
</testng-results>
