<?xml version="1.0" encoding="UTF-8"?>
<testng-results ignored="0" total="4" passed="4" failed="0" skipped="0">
  <reporter-output>
  </reporter-output>
  <suite started-at="2023-09-28T13:09:08 IST" name="Default suite" finished-at="2023-09-28T13:09:27 IST" duration-ms="18990">
    <groups>
    </groups>
    <test started-at="2023-09-28T13:09:08 IST" name="Default test" finished-at="2023-09-28T13:09:27 IST" duration-ms="18990">
      <class name="com.testng.DemoBlaze_Testng">
        <test-method is-config="true" signature="setUp()[pri:0, instance:com.testng.DemoBlaze_Testng@3ce1e309]" started-at="2023-09-28T13:09:08 IST" name="setUp" finished-at="2023-09-28T13:09:22 IST" duration-ms="13810" status="PASS">
          <reporter-output>
          </reporter-output>
        </test-method> <!-- setUp -->
        <test-method signature="launchBrowser()[pri:0, instance:com.testng.DemoBlaze_Testng@3ce1e309]" started-at="2023-09-28T13:09:22 IST" name="launchBrowser" finished-at="2023-09-28T13:09:25 IST" duration-ms="3042" status="PASS">
          <reporter-output>
          </reporter-output>
        </test-method> <!-- launchBrowser -->
        <test-method signature="clicklogin()[pri:1, instance:com.testng.DemoBlaze_Testng@3ce1e309]" started-at="2023-09-28T13:09:25 IST" name="clicklogin" finished-at="2023-09-28T13:09:25 IST" duration-ms="128" status="PASS">
          <reporter-output>
          </reporter-output>
        </test-method> <!-- clicklogin -->
        <test-method signature="loginForm()[pri:2, instance:com.testng.DemoBlaze_Testng@3ce1e309]" started-at="2023-09-28T13:09:25 IST" name="loginForm" finished-at="2023-09-28T13:09:25 IST" duration-ms="474" status="PASS">
          <reporter-output>
          </reporter-output>
        </test-method> <!-- loginForm -->
        <test-method signature="verification()[pri:3, instance:com.testng.DemoBlaze_Testng@3ce1e309]" started-at="2023-09-28T13:09:25 IST" name="verification" finished-at="2023-09-28T13:09:26 IST" duration-ms="123" status="PASS">
          <reporter-output>
          </reporter-output>
        </test-method> <!-- verification -->
        <test-method is-config="true" signature="tearDown()[pri:0, instance:com.testng.DemoBlaze_Testng@3ce1e309]" started-at="2023-09-28T13:09:26 IST" name="tearDown" finished-at="2023-09-28T13:09:27 IST" duration-ms="1346" status="PASS">
          <reporter-output>
          </reporter-output>
        </test-method> <!-- tearDown -->
      </class> <!-- com.testng.DemoBlaze_Testng -->
    </test> <!-- Default test -->
  </suite> <!-- Default suite -->
</testng-results>
